============================= test session starts ==============================
platform darwin -- Python 3.14.2, pytest-9.0.2, pluggy-1.6.0 -- /Users/ofer/Desktop/University/cursor_projects/masterschool/venv/bin/python3.14
cachedir: .pytest_cache
rootdir: /Users/ofer/Desktop/University/cursor_projects/masterschool
configfile: pytest.ini
plugins: anyio-4.13.0
collecting ... collected 13 items

tests/test_flow_service.py::TestLoadFlowConfig::test_populates_flow_steps PASSED [  7%]
tests/test_flow_service.py::TestLoadFlowConfig::test_populates_tasks PASSED [ 15%]
tests/test_flow_service.py::TestLoadFlowConfig::test_steps_sorted_by_order PASSED [ 23%]
tests/test_flow_service.py::TestLoadFlowConfig::test_task_ids_match_config PASSED [ 30%]
tests/test_flow_service.py::TestLoadFlowConfig::test_tasks_have_step_id_set PASSED [ 38%]
tests/test_flow_service.py::TestGetStepsInOrder::test_returns_all_steps_sorted PASSED [ 46%]
tests/test_flow_service.py::TestGetStepsInOrder::test_step_ids PASSED    [ 53%]
tests/test_flow_service.py::TestGetFlow::test_same_as_get_steps_in_order PASSED [ 61%]
tests/test_flow_service.py::TestGetTasksForStep::test_interview_has_two_tasks PASSED [ 69%]
tests/test_flow_service.py::TestGetTasksForStep::test_personal_details_has_one_task PASSED [ 76%]
tests/test_flow_service.py::TestGetTasksForStep::test_sign_contract_has_two_tasks PASSED [ 84%]
tests/test_flow_service.py::TestGetTasksForStep::test_nonexistent_step_returns_empty PASSED [ 92%]
tests/test_flow_service.py::TestGetTasksForStep::test_tasks_sorted_by_order PASSED [100%]

============================== 13 passed in 0.02s ==============================
